<?xml version="1.0" encoding="UTF-8"?>
<!-- Generated by org.testng.reporters.JUnitXMLReporter -->
<testsuite ignored="0" hostname="DESKTOP-5GDN01J" failures="0" tests="5" name="Test" time="46.438" errors="0" timestamp="2024-10-22T19:22:43 IST">
  <testcase classname="tests.AmazonTest" name="testSearchNonExistingProduct" time="6.401"/>
  <testcase classname="tests.AmazonTest" name="testSearchExistingProduct" time="3.792"/>
  <testcase classname="tests.AmazonTest" name="testAddProductToCart" time="19.452"/>
  <testcase classname="tests.AmazonTest" name="testUpdateCartQuantity" time="6.307"/>
  <testcase classname="tests.AmazonTest" name="testRemoveProductFromCart" time="3.653"/>
</testsuite> <!-- Test -->
